0 info it worked if it ends with ok
1 verbose cli [ 'C:\\Program Files\\nodejs\\node.exe',
1 verbose cli   'C:\\Users\\Hummel\\AppData\\Roaming\\npm\\node_modules\\npm\\bin\\npm-cli.js',
1 verbose cli   'start' ]
2 info using npm@3.10.10
3 info using node@v10.15.3
4 verbose run-script [ 'prestart', 'start', 'poststart' ]
5 info lifecycle socket-server@0.0.1~prestart: socket-server@0.0.1
6 silly lifecycle socket-server@0.0.1~prestart: no script for prestart, continuing
7 info lifecycle socket-server@0.0.1~start: socket-server@0.0.1
8 verbose lifecycle socket-server@0.0.1~start: unsafe-perm in lifecycle true
9 verbose lifecycle socket-server@0.0.1~start: PATH: C:\Users\Hummel\AppData\Roaming\npm\node_modules\npm\bin\node-gyp-bin;C:\xampp\htdocs\nodeServer\node_modules\.bin;C:\Program Files (x86)\Intel\Intel(R) Management Engine Components\iCLS\;C:\Program Files\Intel\Intel(R) Management Engine Components\iCLS\;C:\Windows\system32;C:\Windows;C:\Windows\System32\Wbem;C:\Windows\System32\WindowsPowerShell\v1.0\;C:\Windows\System32\OpenSSH\;C:\Program Files (x86)\Intel\Intel(R) Management Engine Components\DAL;C:\Program Files\Intel\Intel(R) Management Engine Components\DAL;C:\Program Files\Git\cmd;C:\Program Files\Git\mingw64\bin;C:\Program Files\Git\usr\bin;C:\Program Files\nodejs\;C:\Program Files (x86)\NVIDIA Corporation\PhysX\Common;C:\xamp\php;C:\Program Files (x86)\Yarn\bin\;C:\xamppppp\php;C:\ProgramData\ComposerSetup\bin;C:\Users\Hummel\AppData\Local\Microsoft\WindowsApps;C:\Users\Hummel\AppData\Roaming\Composer\vendor\bin;C:\Users\Hummel\AppData\Roaming\npm;C:\Users\Hummel\AppData\Local\Yarn\bin
10 verbose lifecycle socket-server@0.0.1~start: CWD: C:\xampp\htdocs\nodeServer
11 silly lifecycle socket-server@0.0.1~start: Args: [ '/d /s /c', 'node server.js' ]
12 silly lifecycle socket-server@0.0.1~start: Returned: code: 1  signal: null
13 info lifecycle socket-server@0.0.1~start: Failed to exec start script
14 verbose stack Error: socket-server@0.0.1 start: `node server.js`
14 verbose stack Exit status 1
14 verbose stack     at EventEmitter.<anonymous> (C:\Users\Hummel\AppData\Roaming\npm\node_modules\npm\lib\utils\lifecycle.js:255:16)
14 verbose stack     at EventEmitter.emit (events.js:189:13)
14 verbose stack     at ChildProcess.<anonymous> (C:\Users\Hummel\AppData\Roaming\npm\node_modules\npm\lib\utils\spawn.js:40:14)
14 verbose stack     at ChildProcess.emit (events.js:189:13)
14 verbose stack     at maybeClose (internal/child_process.js:970:16)
14 verbose stack     at Process.ChildProcess._handle.onexit (internal/child_process.js:259:5)
15 verbose pkgid socket-server@0.0.1
16 verbose cwd C:\xampp\htdocs\nodeServer
17 error Windows_NT 10.0.17763
18 error argv "C:\\Program Files\\nodejs\\node.exe" "C:\\Users\\Hummel\\AppData\\Roaming\\npm\\node_modules\\npm\\bin\\npm-cli.js" "start"
19 error node v10.15.3
20 error npm  v3.10.10
21 error code ELIFECYCLE
22 error socket-server@0.0.1 start: `node server.js`
22 error Exit status 1
23 error Failed at the socket-server@0.0.1 start script 'node server.js'.
23 error Make sure you have the latest version of node.js and npm installed.
23 error If you do, this is most likely a problem with the socket-server package,
23 error not with npm itself.
23 error Tell the author that this fails on your system:
23 error     node server.js
23 error You can get information on how to open an issue for this project with:
23 error     npm bugs socket-server
23 error Or if that isn't available, you can get their info via:
23 error     npm owner ls socket-server
23 error There is likely additional logging output above.
24 verbose exit [ 1, true ]
